{"logTime": "0422/154852", "correlationVector":"tanTbmR8KaclR7Wniympq4.1","action":"SyncServerConnectionManagerRequest", "result":"SYNC_SERVER_OK", "context":{"environment":"Prod_eastasia_prod-s01-034-apac-eastasia", "migrationStage":"NotStarted", "server":"akswtt00600000d"}}
{"logTime": "0422/154852", "correlationVector":"tanTbmR8KaclR7Wniympq4.2","action":"ProcessGetUpdates", "result":"Done", "context":{"dataType":"Encryption Keys", "deleted":"0", "process_failed_to_decrypt":"0", "process_pending_decryption":"0", "process_success":"1", "total":"1"}}
{"logTime": "0422/154852", "correlationVector":"/yU6Lr0CiUVqQKLv+fKRm9","action":"SyncServerConnectionManagerRequest", "result":"SYNC_SERVER_OK", "context":{"environment":"", "migrationStage":"", "server":""}}
{"logTime": "0422/154852", "correlationVector":"/yU6Lr0CiUVqQKLv+fKRm9.0","action":"EncryptionKeysFetcher.DownloadKeys:", "result":"Success", "context":Key count: 8, Last key timestamp: 2025-02-18T09:28:30Z}
{"logTime": "0422/154852", "correlationVector":"/yU6Lr0CiUVqQKLv+fKRm9.1","action":"EncryptionKeysManager::SetEncryptionKeys:", "result":"Success", "context":Key names[8]:[ZLjBlXp4hSbh9Fc/86Kf8tM2xFxZkGsLvqdXwZTvKi8k7AX2go6uwXW2Gsnzv14OOnfBKu45mNpxS1ZTJYYrOg==][S0/AHlZwT8yMNaDUmT/kPBgYNApAUIY/zxu6xKv0TIuQ7DOcXmgKg3dYM1UGIk3QM+FyEP4biMoGwxdp2C6e7g==][8DJAUm2OivRa0NoWM22lu8zSmjcW1Xi6Knad0EZfIIh+Xxy6qvfgql9ExvUdrRCDhjr/NYKTfDI8djqjL3YzMw==][lT6yIdOc/f+IBqFTftluzHr+JTdTZdfWkj6x7wTp8F/0CbZkpxUzGKZMS/r8TZobBRC29e9Syd4q82or4Ka2bw==][xCCYbpKEfTx0mi+y190B43vQTREKXU413FBpVy9ITCjk0/1+FrIViZVPn8wmLTRE/lQUBjhIw162zMKkwyK5Ow==][4NEIfuU6MfKTEIxxgDgs2qyv8UnNJzVdqB6yDiCXj1pDL1QjeP+8NHr1rjLnTCuWI0jxJ3l6xdz4hK7JUR35ig==][wVIAqDQnmroWNKezOq2IP4hHW+JG8gB5q6CS+JCk1oa1IzLgwDYIJCCF3KpNFxzuLbDWdtfb03ekweEJUVBPxA==][Z979O5j+S3yo0uyTcflGuEbYB7OOoVOhTklifPDO/FSWVFBpvCYFKj5KLaT6HXWjipJWY2ZW/rPHcpp3iOhYFw==]}
{"logTime": "0422/154852", "correlationVector":"/yU6Lr0CiUVqQKLv+fKRm9.2","action":"EncryptionKeysManager::SetEncryptionKeysWithTimestamps:", "result":"Success", "context":Key timestamps[8]:[2021-09-03T10:52:33Z][2022-03-02T12:42:57Z][2022-08-30T13:17:51Z][2023-02-27T06:20:11Z][2023-08-26T16:57:44Z][2024-02-23T17:59:36Z][2024-08-22T03:30:49Z][2025-02-18T09:28:30Z]}
{"logTime": "0422/154852", "correlationVector":"tanTbmR8KaclR7Wniympq4","action":"Initial GetUpdates", "result":"", "context":Reason: NEW_CLIENT. cV=tanTbmR8KaclR7Wniympq4}
{"logTime": "0422/154852", "correlationVector":"tanTbmR8KaclR7Wniympq4.3","action":"GetUpdates Response", "result":"Success", "context":Received 1 update(s). cV=tanTbmR8KaclR7Wniympq4.0;server=akswtt00600000d;cloudType=Consumer;environment=Prod_eastasia_prod-s01-034-apac-eastasia;migrationStage=NotStarted}
{"logTime": "0422/154852", "correlationVector":"uZ4kKdpB/TyKM/rafy9N95","action":"Initial GetUpdates", "result":"", "context":Reason: NEWLY_SUPPORTED_DATATYPE. cV=uZ4kKdpB/TyKM/rafy9N95}
{"logTime": "0422/154853", "correlationVector":"uZ4kKdpB/TyKM/rafy9N95.1","action":"SyncServerConnectionManagerRequest", "result":"SYNC_SERVER_OK", "context":{"environment":"Prod_eastasia_prod-s01-034-apac-eastasia", "migrationStage":"NotStarted", "server":"akswtt00600002u"}}
{"logTime": "0422/154853", "correlationVector":"uZ4kKdpB/TyKM/rafy9N95.2","action":"ProcessGetUpdates", "result":"Done", "context":{"dataType":"Preferences", "deleted":"2", "process_failed_to_decrypt":"0", "process_pending_decryption":"0", "process_success":"88", "total":"88"}}
{"logTime": "0422/154853", "correlationVector":"uZ4kKdpB/TyKM/rafy9N95.3","action":"ProcessGetUpdates", "result":"Done", "context":{"dataType":"Passwords", "deleted":"18", "process_failed_to_decrypt":"0", "process_pending_decryption":"0", "process_success":"57", "total":"57"}}
{"logTime": "0422/154853", "correlationVector":"uZ4kKdpB/TyKM/rafy9N95.4","action":"ProcessGetUpdates", "result":"Done", "context":{"dataType":"Device Info", "deleted":"0", "process_failed_to_decrypt":"0", "process_pending_decryption":"0", "process_success":"45", "total":"45"}}
{"logTime": "0422/154853", "correlationVector":"uZ4kKdpB/TyKM/rafy9N95.5","action":"GetUpdates Response", "result":"Success", "context":Received 190 update(s). cV=uZ4kKdpB/TyKM/rafy9N95.0;server=akswtt00600002u;cloudType=Consumer;environment=Prod_eastasia_prod-s01-034-apac-eastasia;migrationStage=NotStarted}
{"logTime": "0422/154853", "correlationVector":"7yfG/cInIeln2sutGi/Fr1","action":"Initial GetUpdates", "result":"", "context":Reason: NEWLY_SUPPORTED_DATATYPE. cV=7yfG/cInIeln2sutGi/Fr1}
{"logTime": "0422/154853", "correlationVector":"7yfG/cInIeln2sutGi/Fr1.1","action":"SyncServerConnectionManagerRequest", "result":"SYNC_SERVER_OK", "context":{"environment":"Prod_eastasia_prod-s01-034-apac-eastasia", "migrationStage":"NotStarted", "server":"akswtt00600004p"}}
{"logTime": "0422/154853", "correlationVector":"7yfG/cInIeln2sutGi/Fr1.2","action":"ProcessGetUpdates", "result":"Done", "context":{"dataType":"Bookmarks", "deleted":"17", "process_failed_to_decrypt":"0", "process_pending_decryption":"0", "process_success":"114", "total":"114"}}
{"logTime": "0422/154853", "correlationVector":"7yfG/cInIeln2sutGi/Fr1.3","action":"GetUpdates Response", "result":"Success", "context":Received 114 update(s). cV=7yfG/cInIeln2sutGi/Fr1.0;server=akswtt00600004p;cloudType=Consumer;environment=Prod_eastasia_prod-s01-034-apac-eastasia;migrationStage=NotStarted}
{"logTime": "0422/154853", "correlationVector":"mGqXby54wPtrYIjVMnYNJD","action":"Initial GetUpdates", "result":"", "context":Reason: NEWLY_SUPPORTED_DATATYPE. cV=mGqXby54wPtrYIjVMnYNJD}
{"logTime": "0422/154854", "correlationVector":"mGqXby54wPtrYIjVMnYNJD.1","action":"SyncServerConnectionManagerRequest", "result":"SYNC_SERVER_OK", "context":{"environment":"Prod_eastasia_prod-s01-034-apac-eastasia", "migrationStage":"NotStarted", "server":"akswtt00600005e"}}
{"logTime": "0422/154854", "correlationVector":"mGqXby54wPtrYIjVMnYNJD.2","action":"ProcessGetUpdates", "result":"Done", "context":{"dataType":"Autofill", "deleted":"0", "process_failed_to_decrypt":"0", "process_pending_decryption":"0", "process_success":"4", "total":"4"}}
{"logTime": "0422/154854", "correlationVector":"mGqXby54wPtrYIjVMnYNJD.3","action":"ProcessGetUpdates", "result":"Done", "context":{"dataType":"Extensions", "deleted":"0", "process_failed_to_decrypt":"0", "process_pending_decryption":"0", "process_success":"7", "total":"7"}}
{"logTime": "0422/154854", "correlationVector":"mGqXby54wPtrYIjVMnYNJD.4","action":"ProcessGetUpdates", "result":"Done", "context":{"dataType":"Sessions", "deleted":"212", "process_failed_to_decrypt":"0", "process_pending_decryption":"0", "process_success":"212", "total":"212"}}
{"logTime": "0422/154854", "correlationVector":"mGqXby54wPtrYIjVMnYNJD.5","action":"ProcessGetUpdates", "result":"Done", "context":{"dataType":"Extension settings", "deleted":"0", "process_failed_to_decrypt":"0", "process_pending_decryption":"0", "process_success":"19", "total":"19"}}
{"logTime": "0422/154854", "correlationVector":"mGqXby54wPtrYIjVMnYNJD.6","action":"ProcessGetUpdates", "result":"Done", "context":{"dataType":"Web Apps", "deleted":"0", "process_failed_to_decrypt":"0", "process_pending_decryption":"0", "process_success":"1", "total":"1"}}
{"logTime": "0422/154854", "correlationVector":"mGqXby54wPtrYIjVMnYNJD.7","action":"ProcessGetUpdates", "result":"Done", "context":{"dataType":"Edge Hub App Usage", "deleted":"2", "process_failed_to_decrypt":"0", "process_pending_decryption":"0", "process_success":"6", "total":"6"}}
{"logTime": "0422/154854", "correlationVector":"mGqXby54wPtrYIjVMnYNJD.8","action":"ProcessGetUpdates", "result":"Done", "context":{"dataType":"Edge Tab Group", "deleted":"1", "process_failed_to_decrypt":"0", "process_pending_decryption":"0", "process_success":"1", "total":"1"}}
{"logTime": "0422/154854", "correlationVector":"mGqXby54wPtrYIjVMnYNJD.9","action":"GetUpdates Response", "result":"Success", "context":Received 250 update(s). cV=mGqXby54wPtrYIjVMnYNJD.0;server=akswtt00600005e;cloudType=Consumer;environment=Prod_eastasia_prod-s01-034-apac-eastasia;migrationStage=NotStarted Some updates remain.}
{"logTime": "0422/154854", "correlationVector":"VqLkMtxKzeAEV9P8UXNbzU","action":"Initial GetUpdates", "result":"", "context":Reason: NEWLY_SUPPORTED_DATATYPE. cV=VqLkMtxKzeAEV9P8UXNbzU}
{"logTime": "0422/154854", "correlationVector":"VqLkMtxKzeAEV9P8UXNbzU.1","action":"SyncServerConnectionManagerRequest", "result":"SYNC_SERVER_OK", "context":{"environment":"Prod_eastasia_prod-s01-034-apac-eastasia", "migrationStage":"NotStarted", "server":"akswtt006000060"}}
{"logTime": "0422/154854", "correlationVector":"VqLkMtxKzeAEV9P8UXNbzU.2","action":"ProcessGetUpdates", "result":"Done", "context":{"dataType":"Sessions", "deleted":"239", "process_failed_to_decrypt":"0", "process_pending_decryption":"0", "process_success":"239", "total":"239"}}
{"logTime": "0422/154854", "correlationVector":"VqLkMtxKzeAEV9P8UXNbzU.3","action":"ProcessGetUpdates", "result":"Done", "context":{"dataType":"Edge Hub App Usage", "deleted":"0", "process_failed_to_decrypt":"0", "process_pending_decryption":"0", "process_success":"10", "total":"10"}}
{"logTime": "0422/154854", "correlationVector":"VqLkMtxKzeAEV9P8UXNbzU.4","action":"ProcessGetUpdates", "result":"Done", "context":{"dataType":"Edge Tab Group", "deleted":"0", "process_failed_to_decrypt":"0", "process_pending_decryption":"0", "process_success":"1", "total":"1"}}
{"logTime": "0422/154854", "correlationVector":"VqLkMtxKzeAEV9P8UXNbzU.5","action":"GetUpdates Response", "result":"Success", "context":Received 250 update(s). cV=VqLkMtxKzeAEV9P8UXNbzU.0;server=akswtt006000060;cloudType=Consumer;environment=Prod_eastasia_prod-s01-034-apac-eastasia;migrationStage=NotStarted Some updates remain.}
{"logTime": "0422/154854", "correlationVector":"7I0b1DOHrbd7gOxb6r8zW+","action":"Initial GetUpdates", "result":"", "context":Reason: NEWLY_SUPPORTED_DATATYPE. cV=7I0b1DOHrbd7gOxb6r8zW+}
{"logTime": "0422/154855", "correlationVector":"7I0b1DOHrbd7gOxb6r8zW+.1","action":"SyncServerConnectionManagerRequest", "result":"SYNC_SERVER_OK", "context":{"environment":"Prod_eastasia_prod-s01-034-apac-eastasia", "migrationStage":"NotStarted", "server":"akswtt00600005e"}}
{"logTime": "0422/154855", "correlationVector":"7I0b1DOHrbd7gOxb6r8zW+.2","action":"ProcessGetUpdates", "result":"Done", "context":{"dataType":"Extensions", "deleted":"0", "process_failed_to_decrypt":"0", "process_pending_decryption":"0", "process_success":"1", "total":"1"}}
{"logTime": "0422/154855", "correlationVector":"7I0b1DOHrbd7gOxb6r8zW+.3","action":"ProcessGetUpdates", "result":"Done", "context":{"dataType":"Sessions", "deleted":"244", "process_failed_to_decrypt":"0", "process_pending_decryption":"0", "process_success":"244", "total":"244"}}
{"logTime": "0422/154855", "correlationVector":"7I0b1DOHrbd7gOxb6r8zW+.4","action":"ProcessGetUpdates", "result":"Done", "context":{"dataType":"Extension settings", "deleted":"2", "process_failed_to_decrypt":"0", "process_pending_decryption":"0", "process_success":"2", "total":"2"}}
{"logTime": "0422/154855", "correlationVector":"7I0b1DOHrbd7gOxb6r8zW+.5","action":"ProcessGetUpdates", "result":"Done", "context":{"dataType":"Edge Hub App Usage", "deleted":"1", "process_failed_to_decrypt":"0", "process_pending_decryption":"0", "process_success":"2", "total":"2"}}
{"logTime": "0422/154855", "correlationVector":"7I0b1DOHrbd7gOxb6r8zW+.6","action":"ProcessGetUpdates", "result":"Done", "context":{"dataType":"Edge Tab Group", "deleted":"1", "process_failed_to_decrypt":"0", "process_pending_decryption":"0", "process_success":"1", "total":"1"}}
{"logTime": "0422/154855", "correlationVector":"7I0b1DOHrbd7gOxb6r8zW+.7","action":"GetUpdates Response", "result":"Success", "context":Received 250 update(s). cV=7I0b1DOHrbd7gOxb6r8zW+.0;server=akswtt00600005e;cloudType=Consumer;environment=Prod_eastasia_prod-s01-034-apac-eastasia;migrationStage=NotStarted Some updates remain.}
{"logTime": "0422/154855", "correlationVector":"O7VwUsQI7qDtWKvshUesci","action":"Initial GetUpdates", "result":"", "context":Reason: NEWLY_SUPPORTED_DATATYPE. cV=O7VwUsQI7qDtWKvshUesci}
{"logTime": "0422/154856", "correlationVector":"O7VwUsQI7qDtWKvshUesci.1","action":"SyncServerConnectionManagerRequest", "result":"SYNC_SERVER_OK", "context":{"environment":"Prod_eastasia_prod-s01-034-apac-eastasia", "migrationStage":"NotStarted", "server":"akswtt00600002u"}}
{"logTime": "0422/154856", "correlationVector":"O7VwUsQI7qDtWKvshUesci.2","action":"ProcessGetUpdates", "result":"Done", "context":{"dataType":"Extensions", "deleted":"0", "process_failed_to_decrypt":"0", "process_pending_decryption":"0", "process_success":"1", "total":"1"}}
{"logTime": "0422/154856", "correlationVector":"O7VwUsQI7qDtWKvshUesci.3","action":"ProcessGetUpdates", "result":"Done", "context":{"dataType":"Sessions", "deleted":"248", "process_failed_to_decrypt":"0", "process_pending_decryption":"0", "process_success":"248", "total":"248"}}
{"logTime": "0422/154856", "correlationVector":"O7VwUsQI7qDtWKvshUesci.4","action":"ProcessGetUpdates", "result":"Done", "context":{"dataType":"Edge Tab Group", "deleted":"1", "process_failed_to_decrypt":"0", "process_pending_decryption":"0", "process_success":"1", "total":"1"}}
{"logTime": "0422/154856", "correlationVector":"O7VwUsQI7qDtWKvshUesci.5","action":"GetUpdates Response", "result":"Success", "context":Received 250 update(s). cV=O7VwUsQI7qDtWKvshUesci.0;server=akswtt00600002u;cloudType=Consumer;environment=Prod_eastasia_prod-s01-034-apac-eastasia;migrationStage=NotStarted Some updates remain.}
{"logTime": "0422/154856", "correlationVector":"Ht6KSNJCGthGeyF5uDh7i+","action":"Initial GetUpdates", "result":"", "context":Reason: NEWLY_SUPPORTED_DATATYPE. cV=Ht6KSNJCGthGeyF5uDh7i+}
{"logTime": "0422/154856", "correlationVector":"Ht6KSNJCGthGeyF5uDh7i+.1","action":"SyncServerConnectionManagerRequest", "result":"SYNC_SERVER_OK", "context":{"environment":"Prod_eastasia_prod-s01-034-apac-eastasia", "migrationStage":"NotStarted", "server":"akswtt00600005u"}}
{"logTime": "0422/154856", "correlationVector":"Ht6KSNJCGthGeyF5uDh7i+.2","action":"ProcessGetUpdates", "result":"Done", "context":{"dataType":"Extensions", "deleted":"0", "process_failed_to_decrypt":"0", "process_pending_decryption":"0", "process_success":"1", "total":"1"}}
{"logTime": "0422/154856", "correlationVector":"Ht6KSNJCGthGeyF5uDh7i+.3","action":"ProcessGetUpdates", "result":"Done", "context":{"dataType":"Sessions", "deleted":"246", "process_failed_to_decrypt":"0", "process_pending_decryption":"0", "process_success":"246", "total":"246"}}
{"logTime": "0422/154856", "correlationVector":"Ht6KSNJCGthGeyF5uDh7i+.4","action":"ProcessGetUpdates", "result":"Done", "context":{"dataType":"Edge Hub App Usage", "deleted":"2", "process_failed_to_decrypt":"0", "process_pending_decryption":"0", "process_success":"2", "total":"2"}}
{"logTime": "0422/154856", "correlationVector":"Ht6KSNJCGthGeyF5uDh7i+.5","action":"ProcessGetUpdates", "result":"Done", "context":{"dataType":"Edge Tab Group", "deleted":"0", "process_failed_to_decrypt":"0", "process_pending_decryption":"0", "process_success":"1", "total":"1"}}
{"logTime": "0422/154856", "correlationVector":"Ht6KSNJCGthGeyF5uDh7i+.6","action":"GetUpdates Response", "result":"Success", "context":Received 250 update(s). cV=Ht6KSNJCGthGeyF5uDh7i+.0;server=akswtt00600005u;cloudType=Consumer;environment=Prod_eastasia_prod-s01-034-apac-eastasia;migrationStage=NotStarted Some updates remain.}
{"logTime": "0422/154856", "correlationVector":"AdZ2teUn2n/okcEyNGQW+k","action":"Initial GetUpdates", "result":"", "context":Reason: NEWLY_SUPPORTED_DATATYPE. cV=AdZ2teUn2n/okcEyNGQW+k}
{"logTime": "0422/154856", "correlationVector":"AdZ2teUn2n/okcEyNGQW+k.1","action":"SyncServerConnectionManagerRequest", "result":"SYNC_SERVER_OK", "context":{"environment":"Prod_eastasia_prod-s01-034-apac-eastasia", "migrationStage":"NotStarted", "server":"akswtt00600002u"}}
{"logTime": "0422/154856", "correlationVector":"AdZ2teUn2n/okcEyNGQW+k.2","action":"ProcessGetUpdates", "result":"Done", "context":{"dataType":"Sessions", "deleted":"249", "process_failed_to_decrypt":"0", "process_pending_decryption":"0", "process_success":"249", "total":"249"}}
{"logTime": "0422/154856", "correlationVector":"AdZ2teUn2n/okcEyNGQW+k.3","action":"ProcessGetUpdates", "result":"Done", "context":{"dataType":"Edge Tab Group", "deleted":"1", "process_failed_to_decrypt":"0", "process_pending_decryption":"0", "process_success":"1", "total":"1"}}
{"logTime": "0422/154856", "correlationVector":"AdZ2teUn2n/okcEyNGQW+k.4","action":"GetUpdates Response", "result":"Success", "context":Received 250 update(s). cV=AdZ2teUn2n/okcEyNGQW+k.0;server=akswtt00600002u;cloudType=Consumer;environment=Prod_eastasia_prod-s01-034-apac-eastasia;migrationStage=NotStarted Some updates remain.}
{"logTime": "0422/154856", "correlationVector":"n4I1p/AJ4cqOT8/ibpDPJC","action":"Initial GetUpdates", "result":"", "context":Reason: NEWLY_SUPPORTED_DATATYPE. cV=n4I1p/AJ4cqOT8/ibpDPJC}
{"logTime": "0422/154857", "correlationVector":"n4I1p/AJ4cqOT8/ibpDPJC.1","action":"SyncServerConnectionManagerRequest", "result":"SYNC_SERVER_OK", "context":{"environment":"Prod_eastasia_prod-s01-034-apac-eastasia", "migrationStage":"NotStarted", "server":"akswtt00600005m"}}
{"logTime": "0422/154857", "correlationVector":"n4I1p/AJ4cqOT8/ibpDPJC.2","action":"ProcessGetUpdates", "result":"Done", "context":{"dataType":"Autofill Profiles", "deleted":"1", "process_failed_to_decrypt":"0", "process_pending_decryption":"0", "process_success":"1", "total":"1"}}
{"logTime": "0422/154857", "correlationVector":"n4I1p/AJ4cqOT8/ibpDPJC.3","action":"ProcessGetUpdates", "result":"Done", "context":{"dataType":"Sessions", "deleted":"249", "process_failed_to_decrypt":"0", "process_pending_decryption":"0", "process_success":"249", "total":"249"}}
{"logTime": "0422/154857", "correlationVector":"n4I1p/AJ4cqOT8/ibpDPJC.4","action":"GetUpdates Response", "result":"Success", "context":Received 250 update(s). cV=n4I1p/AJ4cqOT8/ibpDPJC.0;server=akswtt00600005m;cloudType=Consumer;environment=Prod_eastasia_prod-s01-034-apac-eastasia;migrationStage=NotStarted Some updates remain.}
{"logTime": "0422/154857", "correlationVector":"AU/SHb750As5ugB1umaECT","action":"Initial GetUpdates", "result":"", "context":Reason: NEWLY_SUPPORTED_DATATYPE. cV=AU/SHb750As5ugB1umaECT}
{"logTime": "0422/154857", "correlationVector":"AU/SHb750As5ugB1umaECT.1","action":"SyncServerConnectionManagerRequest", "result":"SYNC_SERVER_OK", "context":{"environment":"Prod_eastasia_prod-s01-034-apac-eastasia", "migrationStage":"NotStarted", "server":"akswtt00600002u"}}
{"logTime": "0422/154857", "correlationVector":"AU/SHb750As5ugB1umaECT.2","action":"ProcessGetUpdates", "result":"Done", "context":{"dataType":"Autofill Profiles", "deleted":"0", "process_failed_to_decrypt":"0", "process_pending_decryption":"0", "process_success":"49", "total":"49"}}
{"logTime": "0422/154857", "correlationVector":"AU/SHb750As5ugB1umaECT.3","action":"ProcessGetUpdates", "result":"Done", "context":{"dataType":"Autofill", "deleted":"0", "process_failed_to_decrypt":"0", "process_pending_decryption":"0", "process_success":"53", "total":"53"}}
{"logTime": "0422/154857", "correlationVector":"AU/SHb750As5ugB1umaECT.4","action":"ProcessGetUpdates", "result":"Done", "context":{"dataType":"Sessions", "deleted":"148", "process_failed_to_decrypt":"0", "process_pending_decryption":"0", "process_success":"148", "total":"148"}}
{"logTime": "0422/154857", "correlationVector":"AU/SHb750As5ugB1umaECT.5","action":"GetUpdates Response", "result":"Success", "context":Received 250 update(s). cV=AU/SHb750As5ugB1umaECT.0;server=akswtt00600002u;cloudType=Consumer;environment=Prod_eastasia_prod-s01-034-apac-eastasia;migrationStage=NotStarted Some updates remain.}
{"logTime": "0422/154857", "correlationVector":"0A03fj8vU8XfiA82InalDA","action":"Initial GetUpdates", "result":"", "context":Reason: NEWLY_SUPPORTED_DATATYPE. cV=0A03fj8vU8XfiA82InalDA}
{"logTime": "0422/154858", "correlationVector":"0A03fj8vU8XfiA82InalDA.1","action":"SyncServerConnectionManagerRequest", "result":"SYNC_SERVER_OK", "context":{"environment":"Prod_eastasia_prod-s01-034-apac-eastasia", "migrationStage":"NotStarted", "server":"akswtt00600000s"}}
{"logTime": "0422/154858", "correlationVector":"0A03fj8vU8XfiA82InalDA.2","action":"ProcessGetUpdates", "result":"Done", "context":{"dataType":"Autofill", "deleted":"0", "process_failed_to_decrypt":"0", "process_pending_decryption":"0", "process_success":"250", "total":"250"}}
{"logTime": "0422/154858", "correlationVector":"0A03fj8vU8XfiA82InalDA.3","action":"GetUpdates Response", "result":"Success", "context":Received 250 update(s). cV=0A03fj8vU8XfiA82InalDA.0;server=akswtt00600000s;cloudType=Consumer;environment=Prod_eastasia_prod-s01-034-apac-eastasia;migrationStage=NotStarted Some updates remain.}
{"logTime": "0422/154858", "correlationVector":"TFDkUinREievTRbv2bj1Io","action":"Initial GetUpdates", "result":"", "context":Reason: NEWLY_SUPPORTED_DATATYPE. cV=TFDkUinREievTRbv2bj1Io}
{"logTime": "0422/154859", "correlationVector":"TFDkUinREievTRbv2bj1Io.1","action":"SyncServerConnectionManagerRequest", "result":"SYNC_SERVER_OK", "context":{"environment":"Prod_eastasia_prod-s01-034-apac-eastasia", "migrationStage":"NotStarted", "server":"akswtt00600004r"}}
{"logTime": "0422/154859", "correlationVector":"TFDkUinREievTRbv2bj1Io.2","action":"ProcessGetUpdates", "result":"Done", "context":{"dataType":"Autofill", "deleted":"0", "process_failed_to_decrypt":"0", "process_pending_decryption":"0", "process_success":"250", "total":"250"}}
{"logTime": "0422/154859", "correlationVector":"TFDkUinREievTRbv2bj1Io.3","action":"GetUpdates Response", "result":"Success", "context":Received 250 update(s). cV=TFDkUinREievTRbv2bj1Io.0;server=akswtt00600004r;cloudType=Consumer;environment=Prod_eastasia_prod-s01-034-apac-eastasia;migrationStage=NotStarted Some updates remain.}
{"logTime": "0422/154859", "correlationVector":"PPxSM0L2fTGRBjOmBD5QmY","action":"Initial GetUpdates", "result":"", "context":Reason: NEWLY_SUPPORTED_DATATYPE. cV=PPxSM0L2fTGRBjOmBD5QmY}
{"logTime": "0422/154859", "correlationVector":"PPxSM0L2fTGRBjOmBD5QmY.1","action":"SyncServerConnectionManagerRequest", "result":"SYNC_SERVER_OK", "context":{"environment":"Prod_eastasia_prod-s01-034-apac-eastasia", "migrationStage":"NotStarted", "server":"akswtt00600005e"}}
{"logTime": "0422/154859", "correlationVector":"PPxSM0L2fTGRBjOmBD5QmY.2","action":"ProcessGetUpdates", "result":"Done", "context":{"dataType":"Autofill", "deleted":"0", "process_failed_to_decrypt":"0", "process_pending_decryption":"0", "process_success":"250", "total":"250"}}
{"logTime": "0422/154859", "correlationVector":"PPxSM0L2fTGRBjOmBD5QmY.3","action":"GetUpdates Response", "result":"Success", "context":Received 250 update(s). cV=PPxSM0L2fTGRBjOmBD5QmY.0;server=akswtt00600005e;cloudType=Consumer;environment=Prod_eastasia_prod-s01-034-apac-eastasia;migrationStage=NotStarted Some updates remain.}
{"logTime": "0422/154859", "correlationVector":"8+NvbVwZuHOQHdXhX+XgCI","action":"Initial GetUpdates", "result":"", "context":Reason: NEWLY_SUPPORTED_DATATYPE. cV=8+NvbVwZuHOQHdXhX+XgCI}
{"logTime": "0422/154900", "correlationVector":"8+NvbVwZuHOQHdXhX+XgCI.1","action":"SyncServerConnectionManagerRequest", "result":"SYNC_SERVER_OK", "context":{"environment":"Prod_eastasia_prod-s01-034-apac-eastasia", "migrationStage":"NotStarted", "server":"akswtt006000060"}}
{"logTime": "0422/154900", "correlationVector":"8+NvbVwZuHOQHdXhX+XgCI.2","action":"ProcessGetUpdates", "result":"Done", "context":{"dataType":"Autofill Profiles", "deleted":"0", "process_failed_to_decrypt":"0", "process_pending_decryption":"0", "process_success":"1", "total":"1"}}
{"logTime": "0422/154900", "correlationVector":"8+NvbVwZuHOQHdXhX+XgCI.3","action":"ProcessGetUpdates", "result":"Done", "context":{"dataType":"Autofill", "deleted":"0", "process_failed_to_decrypt":"0", "process_pending_decryption":"0", "process_success":"81", "total":"81"}}
{"logTime": "0422/154900", "correlationVector":"8+NvbVwZuHOQHdXhX+XgCI.4","action":"ProcessGetUpdates", "result":"Done", "context":{"dataType":"Sessions", "deleted":"168", "process_failed_to_decrypt":"0", "process_pending_decryption":"0", "process_success":"168", "total":"168"}}
{"logTime": "0422/154900", "correlationVector":"8+NvbVwZuHOQHdXhX+XgCI.5","action":"GetUpdates Response", "result":"Success", "context":Received 250 update(s). cV=8+NvbVwZuHOQHdXhX+XgCI.0;server=akswtt006000060;cloudType=Consumer;environment=Prod_eastasia_prod-s01-034-apac-eastasia;migrationStage=NotStarted Some updates remain.}
{"logTime": "0422/154900", "correlationVector":"WFcJwDfCnyutZRRTv/Bl2n","action":"Initial GetUpdates", "result":"", "context":Reason: NEWLY_SUPPORTED_DATATYPE. cV=WFcJwDfCnyutZRRTv/Bl2n}
{"logTime": "0422/154900", "correlationVector":"WFcJwDfCnyutZRRTv/Bl2n.1","action":"SyncServerConnectionManagerRequest", "result":"SYNC_SERVER_OK", "context":{"environment":"Prod_eastasia_prod-s01-034-apac-eastasia", "migrationStage":"NotStarted", "server":"akswtt00600004w"}}
{"logTime": "0422/154900", "correlationVector":"WFcJwDfCnyutZRRTv/Bl2n.2","action":"ProcessGetUpdates", "result":"Done", "context":{"dataType":"Autofill Profiles", "deleted":"1", "process_failed_to_decrypt":"0", "process_pending_decryption":"0", "process_success":"2", "total":"2"}}
{"logTime": "0422/154900", "correlationVector":"WFcJwDfCnyutZRRTv/Bl2n.3","action":"ProcessGetUpdates", "result":"Done", "context":{"dataType":"Autofill", "deleted":"0", "process_failed_to_decrypt":"0", "process_pending_decryption":"0", "process_success":"4", "total":"4"}}
{"logTime": "0422/154900", "correlationVector":"WFcJwDfCnyutZRRTv/Bl2n.4","action":"ProcessGetUpdates", "result":"Done", "context":{"dataType":"Extensions", "deleted":"1", "process_failed_to_decrypt":"0", "process_pending_decryption":"0", "process_success":"1", "total":"1"}}
{"logTime": "0422/154900", "correlationVector":"WFcJwDfCnyutZRRTv/Bl2n.5","action":"ProcessGetUpdates", "result":"Done", "context":{"dataType":"Sessions", "deleted":"243", "process_failed_to_decrypt":"0", "process_pending_decryption":"0", "process_success":"243", "total":"243"}}
{"logTime": "0422/154900", "correlationVector":"WFcJwDfCnyutZRRTv/Bl2n.6","action":"GetUpdates Response", "result":"Success", "context":Received 250 update(s). cV=WFcJwDfCnyutZRRTv/Bl2n.0;server=akswtt00600004w;cloudType=Consumer;environment=Prod_eastasia_prod-s01-034-apac-eastasia;migrationStage=NotStarted Some updates remain.}
{"logTime": "0422/154900", "correlationVector":"AIqDYMAa+sLkhqi9q6Yb7W","action":"Initial GetUpdates", "result":"", "context":Reason: NEWLY_SUPPORTED_DATATYPE. cV=AIqDYMAa+sLkhqi9q6Yb7W}
{"logTime": "0422/154900", "correlationVector":"AIqDYMAa+sLkhqi9q6Yb7W.1","action":"SyncServerConnectionManagerRequest", "result":"SYNC_SERVER_OK", "context":{"environment":"Prod_eastasia_prod-s01-034-apac-eastasia", "migrationStage":"NotStarted", "server":"akswtt006000060"}}
{"logTime": "0422/154900", "correlationVector":"AIqDYMAa+sLkhqi9q6Yb7W.2","action":"ProcessGetUpdates", "result":"Done", "context":{"dataType":"Autofill", "deleted":"0", "process_failed_to_decrypt":"0", "process_pending_decryption":"0", "process_success":"10", "total":"10"}}
{"logTime": "0422/154900", "correlationVector":"AIqDYMAa+sLkhqi9q6Yb7W.3","action":"ProcessGetUpdates", "result":"Done", "context":{"dataType":"Extensions", "deleted":"3", "process_failed_to_decrypt":"0", "process_pending_decryption":"0", "process_success":"3", "total":"3"}}
{"logTime": "0422/154900", "correlationVector":"AIqDYMAa+sLkhqi9q6Yb7W.4","action":"ProcessGetUpdates", "result":"Done", "context":{"dataType":"Sessions", "deleted":"224", "process_failed_to_decrypt":"0", "process_pending_decryption":"0", "process_success":"224", "total":"224"}}
{"logTime": "0422/154900", "correlationVector":"AIqDYMAa+sLkhqi9q6Yb7W.5","action":"ProcessGetUpdates", "result":"Done", "context":{"dataType":"Extension settings", "deleted":"13", "process_failed_to_decrypt":"0", "process_pending_decryption":"0", "process_success":"13", "total":"13"}}
{"logTime": "0422/154900", "correlationVector":"AIqDYMAa+sLkhqi9q6Yb7W.6","action":"GetUpdates Response", "result":"Success", "context":Received 250 update(s). cV=AIqDYMAa+sLkhqi9q6Yb7W.0;server=akswtt006000060;cloudType=Consumer;environment=Prod_eastasia_prod-s01-034-apac-eastasia;migrationStage=NotStarted Some updates remain.}
{"logTime": "0422/154900", "correlationVector":"pOiMb2OCohdhZADK7wUyQt","action":"Initial GetUpdates", "result":"", "context":Reason: NEWLY_SUPPORTED_DATATYPE. cV=pOiMb2OCohdhZADK7wUyQt}
{"logTime": "0422/154901", "correlationVector":"pOiMb2OCohdhZADK7wUyQt.1","action":"SyncServerConnectionManagerRequest", "result":"SYNC_SERVER_OK", "context":{"environment":"Prod_eastasia_prod-s01-034-apac-eastasia", "migrationStage":"NotStarted", "server":"akswtt00600004w"}}
{"logTime": "0422/154901", "correlationVector":"pOiMb2OCohdhZADK7wUyQt.2","action":"ProcessGetUpdates", "result":"Done", "context":{"dataType":"Autofill Profiles", "deleted":"0", "process_failed_to_decrypt":"0", "process_pending_decryption":"0", "process_success":"4", "total":"4"}}
{"logTime": "0422/154901", "correlationVector":"pOiMb2OCohdhZADK7wUyQt.3","action":"ProcessGetUpdates", "result":"Done", "context":{"dataType":"Autofill", "deleted":"0", "process_failed_to_decrypt":"0", "process_pending_decryption":"0", "process_success":"11", "total":"11"}}
{"logTime": "0422/154901", "correlationVector":"pOiMb2OCohdhZADK7wUyQt.4","action":"ProcessGetUpdates", "result":"Done", "context":{"dataType":"Extensions", "deleted":"1", "process_failed_to_decrypt":"0", "process_pending_decryption":"0", "process_success":"1", "total":"1"}}
{"logTime": "0422/154901", "correlationVector":"pOiMb2OCohdhZADK7wUyQt.5","action":"ProcessGetUpdates", "result":"Done", "context":{"dataType":"Sessions", "deleted":"231", "process_failed_to_decrypt":"0", "process_pending_decryption":"0", "process_success":"231", "total":"231"}}
{"logTime": "0422/154901", "correlationVector":"pOiMb2OCohdhZADK7wUyQt.6","action":"ProcessGetUpdates", "result":"Done", "context":{"dataType":"Extension settings", "deleted":"0", "process_failed_to_decrypt":"0", "process_pending_decryption":"0", "process_success":"1", "total":"1"}}
{"logTime": "0422/154901", "correlationVector":"pOiMb2OCohdhZADK7wUyQt.7","action":"ProcessGetUpdates", "result":"Done", "context":{"dataType":"Edge Hub App Usage", "deleted":"1", "process_failed_to_decrypt":"0", "process_pending_decryption":"0", "process_success":"1", "total":"1"}}
{"logTime": "0422/154901", "correlationVector":"pOiMb2OCohdhZADK7wUyQt.8","action":"ProcessGetUpdates", "result":"Done", "context":{"dataType":"Edge Tab Group", "deleted":"1", "process_failed_to_decrypt":"0", "process_pending_decryption":"0", "process_success":"1", "total":"1"}}
{"logTime": "0422/154901", "correlationVector":"pOiMb2OCohdhZADK7wUyQt.9","action":"GetUpdates Response", "result":"Success", "context":Received 250 update(s). cV=pOiMb2OCohdhZADK7wUyQt.0;server=akswtt00600004w;cloudType=Consumer;environment=Prod_eastasia_prod-s01-034-apac-eastasia;migrationStage=NotStarted Some updates remain.}
{"logTime": "0422/154901", "correlationVector":"73dhs9cggJ908BSHZl74HC","action":"Initial GetUpdates", "result":"", "context":Reason: NEWLY_SUPPORTED_DATATYPE. cV=73dhs9cggJ908BSHZl74HC}
{"logTime": "0422/154902", "correlationVector":"73dhs9cggJ908BSHZl74HC.1","action":"SyncServerConnectionManagerRequest", "result":"SYNC_SERVER_OK", "context":{"environment":"Prod_eastasia_prod-s01-034-apac-eastasia", "migrationStage":"NotStarted", "server":"akswtt00600006u"}}
{"logTime": "0422/154902", "correlationVector":"73dhs9cggJ908BSHZl74HC.2","action":"ProcessGetUpdates", "result":"Done", "context":{"dataType":"Autofill Profiles", "deleted":"0", "process_failed_to_decrypt":"0", "process_pending_decryption":"0", "process_success":"4", "total":"4"}}
{"logTime": "0422/154902", "correlationVector":"73dhs9cggJ908BSHZl74HC.3","action":"ProcessGetUpdates", "result":"Done", "context":{"dataType":"Autofill", "deleted":"0", "process_failed_to_decrypt":"0", "process_pending_decryption":"0", "process_success":"5", "total":"5"}}
{"logTime": "0422/154902", "correlationVector":"73dhs9cggJ908BSHZl74HC.4","action":"ProcessGetUpdates", "result":"Done", "context":{"dataType":"Sessions", "deleted":"238", "process_failed_to_decrypt":"0", "process_pending_decryption":"0", "process_success":"238", "total":"238"}}
{"logTime": "0422/154902", "correlationVector":"73dhs9cggJ908BSHZl74HC.5","action":"ProcessGetUpdates", "result":"Done", "context":{"dataType":"Edge Hub App Usage", "deleted":"0", "process_failed_to_decrypt":"0", "process_pending_decryption":"0", "process_success":"2", "total":"2"}}
{"logTime": "0422/154902", "correlationVector":"73dhs9cggJ908BSHZl74HC.6","action":"ProcessGetUpdates", "result":"Done", "context":{"dataType":"Edge Tab Group", "deleted":"1", "process_failed_to_decrypt":"0", "process_pending_decryption":"0", "process_success":"1", "total":"1"}}
{"logTime": "0422/154902", "correlationVector":"73dhs9cggJ908BSHZl74HC.7","action":"GetUpdates Response", "result":"Success", "context":Received 250 update(s). cV=73dhs9cggJ908BSHZl74HC.0;server=akswtt00600006u;cloudType=Consumer;environment=Prod_eastasia_prod-s01-034-apac-eastasia;migrationStage=NotStarted Some updates remain.}
{"logTime": "0422/154902", "correlationVector":"8KOem6Tatz8I76+Ff9bYzo","action":"Initial GetUpdates", "result":"", "context":Reason: NEWLY_SUPPORTED_DATATYPE. cV=8KOem6Tatz8I76+Ff9bYzo}
{"logTime": "0422/154902", "correlationVector":"8KOem6Tatz8I76+Ff9bYzo.1","action":"SyncServerConnectionManagerRequest", "result":"SYNC_SERVER_OK", "context":{"environment":"Prod_eastasia_prod-s01-034-apac-eastasia", "migrationStage":"NotStarted", "server":"akswtt00600000q"}}
{"logTime": "0422/154902", "correlationVector":"8KOem6Tatz8I76+Ff9bYzo.2","action":"ProcessGetUpdates", "result":"Done", "context":{"dataType":"Autofill Profiles", "deleted":"0", "process_failed_to_decrypt":"0", "process_pending_decryption":"0", "process_success":"1", "total":"1"}}
{"logTime": "0422/154902", "correlationVector":"8KOem6Tatz8I76+Ff9bYzo.3","action":"ProcessGetUpdates", "result":"Done", "context":{"dataType":"Sessions", "deleted":"249", "process_failed_to_decrypt":"0", "process_pending_decryption":"0", "process_success":"249", "total":"249"}}
{"logTime": "0422/154902", "correlationVector":"8KOem6Tatz8I76+Ff9bYzo.4","action":"GetUpdates Response", "result":"Success", "context":Received 250 update(s). cV=8KOem6Tatz8I76+Ff9bYzo.0;server=akswtt00600000q;cloudType=Consumer;environment=Prod_eastasia_prod-s01-034-apac-eastasia;migrationStage=NotStarted Some updates remain.}
{"logTime": "0422/154902", "correlationVector":"a3p30CCgBM7KpcyFq5JgKa","action":"Initial GetUpdates", "result":"", "context":Reason: NEWLY_SUPPORTED_DATATYPE. cV=a3p30CCgBM7KpcyFq5JgKa}
{"logTime": "0422/154903", "correlationVector":"a3p30CCgBM7KpcyFq5JgKa.1","action":"SyncServerConnectionManagerRequest", "result":"SYNC_SERVER_OK", "context":{"environment":"Prod_eastasia_prod-s01-034-apac-eastasia", "migrationStage":"NotStarted", "server":"akswtt006000005"}}
{"logTime": "0422/154903", "correlationVector":"a3p30CCgBM7KpcyFq5JgKa.2","action":"ProcessGetUpdates", "result":"Done", "context":{"dataType":"Autofill", "deleted":"0", "process_failed_to_decrypt":"0", "process_pending_decryption":"0", "process_success":"4", "total":"4"}}
{"logTime": "0422/154903", "correlationVector":"a3p30CCgBM7KpcyFq5JgKa.3","action":"ProcessGetUpdates", "result":"Done", "context":{"dataType":"Sessions", "deleted":"241", "process_failed_to_decrypt":"0", "process_pending_decryption":"0", "process_success":"241", "total":"241"}}
{"logTime": "0422/154903", "correlationVector":"a3p30CCgBM7KpcyFq5JgKa.4","action":"ProcessGetUpdates", "result":"Done", "context":{"dataType":"Edge Hub App Usage", "deleted":"5", "process_failed_to_decrypt":"0", "process_pending_decryption":"0", "process_success":"5", "total":"5"}}
{"logTime": "0422/154903", "correlationVector":"a3p30CCgBM7KpcyFq5JgKa.5","action":"GetUpdates Response", "result":"Success", "context":Received 250 update(s). cV=a3p30CCgBM7KpcyFq5JgKa.0;server=akswtt006000005;cloudType=Consumer;environment=Prod_eastasia_prod-s01-034-apac-eastasia;migrationStage=NotStarted Some updates remain.}
{"logTime": "0422/154903", "correlationVector":"kYBvILHl8SWuKDztcKFkd0","action":"Initial GetUpdates", "result":"", "context":Reason: NEWLY_SUPPORTED_DATATYPE. cV=kYBvILHl8SWuKDztcKFkd0}
{"logTime": "0422/154903", "correlationVector":"kYBvILHl8SWuKDztcKFkd0.1","action":"SyncServerConnectionManagerRequest", "result":"SYNC_SERVER_OK", "context":{"environment":"Prod_eastasia_prod-s01-034-apac-eastasia", "migrationStage":"NotStarted", "server":"akswtt00600000q"}}
{"logTime": "0422/154903", "correlationVector":"kYBvILHl8SWuKDztcKFkd0.2","action":"ProcessGetUpdates", "result":"Done", "context":{"dataType":"Autofill Profiles", "deleted":"0", "process_failed_to_decrypt":"0", "process_pending_decryption":"0", "process_success":"1", "total":"1"}}
{"logTime": "0422/154903", "correlationVector":"kYBvILHl8SWuKDztcKFkd0.3","action":"ProcessGetUpdates", "result":"Done", "context":{"dataType":"Autofill", "deleted":"0", "process_failed_to_decrypt":"0", "process_pending_decryption":"0", "process_success":"1", "total":"1"}}
{"logTime": "0422/154903", "correlationVector":"kYBvILHl8SWuKDztcKFkd0.4","action":"ProcessGetUpdates", "result":"Done", "context":{"dataType":"Sessions", "deleted":"238", "process_failed_to_decrypt":"0", "process_pending_decryption":"0", "process_success":"238", "total":"238"}}
{"logTime": "0422/154903", "correlationVector":"kYBvILHl8SWuKDztcKFkd0.5","action":"ProcessGetUpdates", "result":"Done", "context":{"dataType":"History Delete Directives", "deleted":"0", "process_failed_to_decrypt":"0", "process_pending_decryption":"0", "process_success":"10", "total":"10"}}
{"logTime": "0422/154903", "correlationVector":"kYBvILHl8SWuKDztcKFkd0.6","action":"GetUpdates Response", "result":"Success", "context":Received 250 update(s). cV=kYBvILHl8SWuKDztcKFkd0.0;server=akswtt00600000q;cloudType=Consumer;environment=Prod_eastasia_prod-s01-034-apac-eastasia;migrationStage=NotStarted Some updates remain.}
{"logTime": "0422/154903", "correlationVector":"YQoBVWv3QfVVY50OzsZyQw","action":"Initial GetUpdates", "result":"", "context":Reason: NEWLY_SUPPORTED_DATATYPE. cV=YQoBVWv3QfVVY50OzsZyQw}
{"logTime": "0422/154904", "correlationVector":"YQoBVWv3QfVVY50OzsZyQw.1","action":"SyncServerConnectionManagerRequest", "result":"SYNC_SERVER_OK", "context":{"environment":"Prod_eastasia_prod-s01-034-apac-eastasia", "migrationStage":"NotStarted", "server":"akswtt00600005u"}}
{"logTime": "0422/154904", "correlationVector":"YQoBVWv3QfVVY50OzsZyQw.2","action":"ProcessGetUpdates", "result":"Done", "context":{"dataType":"Autofill Profiles", "deleted":"1", "process_failed_to_decrypt":"0", "process_pending_decryption":"0", "process_success":"1", "total":"1"}}
{"logTime": "0422/154904", "correlationVector":"YQoBVWv3QfVVY50OzsZyQw.3","action":"ProcessGetUpdates", "result":"Done", "context":{"dataType":"Autofill", "deleted":"0", "process_failed_to_decrypt":"0", "process_pending_decryption":"0", "process_success":"6", "total":"6"}}
{"logTime": "0422/154904", "correlationVector":"YQoBVWv3QfVVY50OzsZyQw.4","action":"ProcessGetUpdates", "result":"Done", "context":{"dataType":"Sessions", "deleted":"210", "process_failed_to_decrypt":"0", "process_pending_decryption":"0", "process_success":"210", "total":"210"}}
{"logTime": "0422/154904", "correlationVector":"YQoBVWv3QfVVY50OzsZyQw.5","action":"ProcessGetUpdates", "result":"Done", "context":{"dataType":"History Delete Directives", "deleted":"0", "process_failed_to_decrypt":"0", "process_pending_decryption":"0", "process_success":"29", "total":"29"}}
{"logTime": "0422/154904", "correlationVector":"YQoBVWv3QfVVY50OzsZyQw.6","action":"ProcessGetUpdates", "result":"Done", "context":{"dataType":"Edge Hub App Usage", "deleted":"0", "process_failed_to_decrypt":"0", "process_pending_decryption":"0", "process_success":"4", "total":"4"}}
{"logTime": "0422/154904", "correlationVector":"YQoBVWv3QfVVY50OzsZyQw.7","action":"GetUpdates Response", "result":"Success", "context":Received 250 update(s). cV=YQoBVWv3QfVVY50OzsZyQw.0;server=akswtt00600005u;cloudType=Consumer;environment=Prod_eastasia_prod-s01-034-apac-eastasia;migrationStage=NotStarted Some updates remain.}
{"logTime": "0422/154904", "correlationVector":"/MHS25fz4I/DxnekzbUwc5","action":"Initial GetUpdates", "result":"", "context":Reason: NEWLY_SUPPORTED_DATATYPE. cV=/MHS25fz4I/DxnekzbUwc5}
{"logTime": "0422/154904", "correlationVector":"/MHS25fz4I/DxnekzbUwc5.1","action":"SyncServerConnectionManagerRequest", "result":"SYNC_SERVER_OK", "context":{"environment":"Prod_eastasia_prod-s01-034-apac-eastasia", "migrationStage":"NotStarted", "server":"akswtt00600004r"}}
{"logTime": "0422/154904", "correlationVector":"/MHS25fz4I/DxnekzbUwc5.2","action":"ProcessGetUpdates", "result":"Done", "context":{"dataType":"Autofill Profiles", "deleted":"0", "process_failed_to_decrypt":"0", "process_pending_decryption":"0", "process_success":"1", "total":"1"}}
{"logTime": "0422/154904", "correlationVector":"/MHS25fz4I/DxnekzbUwc5.3","action":"ProcessGetUpdates", "result":"Done", "context":{"dataType":"Extensions", "deleted":"1", "process_failed_to_decrypt":"0", "process_pending_decryption":"0", "process_success":"3", "total":"3"}}
{"logTime": "0422/154904", "correlationVector":"/MHS25fz4I/DxnekzbUwc5.4","action":"ProcessGetUpdates", "result":"Done", "context":{"dataType":"Sessions", "deleted":"244", "process_failed_to_decrypt":"0", "process_pending_decryption":"0", "process_success":"244", "total":"244"}}
{"logTime": "0422/154904", "correlationVector":"/MHS25fz4I/DxnekzbUwc5.5","action":"ProcessGetUpdates", "result":"Done", "context":{"dataType":"Edge Hub App Usage", "deleted":"1", "process_failed_to_decrypt":"0", "process_pending_decryption":"0", "process_success":"2", "total":"2"}}
{"logTime": "0422/154904", "correlationVector":"/MHS25fz4I/DxnekzbUwc5.6","action":"GetUpdates Response", "result":"Success", "context":Received 250 update(s). cV=/MHS25fz4I/DxnekzbUwc5.0;server=akswtt00600004r;cloudType=Consumer;environment=Prod_eastasia_prod-s01-034-apac-eastasia;migrationStage=NotStarted Some updates remain.}
{"logTime": "0422/154904", "correlationVector":"ZqtuBiKbcOZ9RSE2FWcaRE","action":"Initial GetUpdates", "result":"", "context":Reason: NEWLY_SUPPORTED_DATATYPE. cV=ZqtuBiKbcOZ9RSE2FWcaRE}
{"logTime": "0422/154905", "correlationVector":"ZqtuBiKbcOZ9RSE2FWcaRE.1","action":"SyncServerConnectionManagerRequest", "result":"SYNC_SERVER_OK", "context":{"environment":"Prod_eastasia_prod-s01-034-apac-eastasia", "migrationStage":"NotStarted", "server":"akswtt00600005n"}}
{"logTime": "0422/154905", "correlationVector":"ZqtuBiKbcOZ9RSE2FWcaRE.2","action":"ProcessGetUpdates", "result":"Done", "context":{"dataType":"Autofill Profiles", "deleted":"0", "process_failed_to_decrypt":"0", "process_pending_decryption":"0", "process_success":"3", "total":"3"}}
{"logTime": "0422/154905", "correlationVector":"ZqtuBiKbcOZ9RSE2FWcaRE.3","action":"ProcessGetUpdates", "result":"Done", "context":{"dataType":"Autofill", "deleted":"0", "process_failed_to_decrypt":"0", "process_pending_decryption":"0", "process_success":"25", "total":"25"}}
{"logTime": "0422/154905", "correlationVector":"ZqtuBiKbcOZ9RSE2FWcaRE.4","action":"ProcessGetUpdates", "result":"Done", "context":{"dataType":"Sessions", "deleted":"212", "process_failed_to_decrypt":"0", "process_pending_decryption":"0", "process_success":"217", "total":"217"}}
{"logTime": "0422/154905", "correlationVector":"ZqtuBiKbcOZ9RSE2FWcaRE.5","action":"ProcessGetUpdates", "result":"Done", "context":{"dataType":"Saved Tab Group", "deleted":"1", "process_failed_to_decrypt":"0", "process_pending_decryption":"0", "process_success":"4", "total":"4"}}
{"logTime": "0422/154905", "correlationVector":"ZqtuBiKbcOZ9RSE2FWcaRE.6","action":"ProcessGetUpdates", "result":"Done", "context":{"dataType":"Edge Tab Group", "deleted":"1", "process_failed_to_decrypt":"0", "process_pending_decryption":"0", "process_success":"1", "total":"1"}}
{"logTime": "0422/154905", "correlationVector":"ZqtuBiKbcOZ9RSE2FWcaRE.7","action":"GetUpdates Response", "result":"Success", "context":Received 250 update(s). cV=ZqtuBiKbcOZ9RSE2FWcaRE.0;server=akswtt00600005n;cloudType=Consumer;environment=Prod_eastasia_prod-s01-034-apac-eastasia;migrationStage=NotStarted Some updates remain.}
{"logTime": "0422/154905", "correlationVector":"nKtIji9yD5bFB/MQMxY4Ci","action":"Initial GetUpdates", "result":"", "context":Reason: NEWLY_SUPPORTED_DATATYPE. cV=nKtIji9yD5bFB/MQMxY4Ci}
{"logTime": "0422/154905", "correlationVector":"nKtIji9yD5bFB/MQMxY4Ci.1","action":"SyncServerConnectionManagerRequest", "result":"SYNC_SERVER_OK", "context":{"environment":"Prod_eastasia_prod-s01-034-apac-eastasia", "migrationStage":"NotStarted", "server":"akswtt006000060"}}
{"logTime": "0422/154905", "correlationVector":"nKtIji9yD5bFB/MQMxY4Ci.2","action":"ProcessGetUpdates", "result":"Done", "context":{"dataType":"Autofill Profiles", "deleted":"1", "process_failed_to_decrypt":"0", "process_pending_decryption":"0", "process_success":"3", "total":"3"}}
{"logTime": "0422/154905", "correlationVector":"nKtIji9yD5bFB/MQMxY4Ci.3","action":"ProcessGetUpdates", "result":"Done", "context":{"dataType":"Autofill", "deleted":"0", "process_failed_to_decrypt":"0", "process_pending_decryption":"0", "process_success":"3", "total":"3"}}
{"logTime": "0422/154905", "correlationVector":"nKtIji9yD5bFB/MQMxY4Ci.4","action":"ProcessGetUpdates", "result":"Done", "context":{"dataType":"Sessions", "deleted":"229", "process_failed_to_decrypt":"0", "process_pending_decryption":"0", "process_success":"235", "total":"235"}}
{"logTime": "0422/154905", "correlationVector":"nKtIji9yD5bFB/MQMxY4Ci.5","action":"ProcessGetUpdates", "result":"Done", "context":{"dataType":"Edge Hub App Usage", "deleted":"9", "process_failed_to_decrypt":"0", "process_pending_decryption":"0", "process_success":"9", "total":"9"}}
{"logTime": "0422/154905", "correlationVector":"nKtIji9yD5bFB/MQMxY4Ci.6","action":"GetUpdates Response", "result":"Success", "context":Received 250 update(s). cV=nKtIji9yD5bFB/MQMxY4Ci.0;server=akswtt006000060;cloudType=Consumer;environment=Prod_eastasia_prod-s01-034-apac-eastasia;migrationStage=NotStarted Some updates remain.}
{"logTime": "0422/154905", "correlationVector":"GJASwuXQEmp4p9l+0tfo3o","action":"Initial GetUpdates", "result":"", "context":Reason: NEWLY_SUPPORTED_DATATYPE. cV=GJASwuXQEmp4p9l+0tfo3o}
{"logTime": "0422/154906", "correlationVector":"GJASwuXQEmp4p9l+0tfo3o.1","action":"SyncServerConnectionManagerRequest", "result":"SYNC_SERVER_OK", "context":{"environment":"Prod_eastasia_prod-s01-034-apac-eastasia", "migrationStage":"NotStarted", "server":"akswtt006000004"}}
{"logTime": "0422/154906", "correlationVector":"GJASwuXQEmp4p9l+0tfo3o.2","action":"ProcessGetUpdates", "result":"Done", "context":{"dataType":"Autofill Profiles", "deleted":"0", "process_failed_to_decrypt":"0", "process_pending_decryption":"0", "process_success":"4", "total":"4"}}
{"logTime": "0422/154906", "correlationVector":"GJASwuXQEmp4p9l+0tfo3o.3","action":"ProcessGetUpdates", "result":"Done", "context":{"dataType":"Autofill", "deleted":"0", "process_failed_to_decrypt":"0", "process_pending_decryption":"0", "process_success":"25", "total":"25"}}
{"logTime": "0422/154906", "correlationVector":"GJASwuXQEmp4p9l+0tfo3o.4","action":"ProcessGetUpdates", "result":"Done", "context":{"dataType":"Extensions", "deleted":"0", "process_failed_to_decrypt":"0", "process_pending_decryption":"0", "process_success":"4", "total":"4"}}
{"logTime": "0422/154906", "correlationVector":"GJASwuXQEmp4p9l+0tfo3o.5","action":"ProcessGetUpdates", "result":"Done", "context":{"dataType":"Sessions", "deleted":"198", "process_failed_to_decrypt":"0", "process_pending_decryption":"0", "process_success":"198", "total":"198"}}
{"logTime": "0422/154906", "correlationVector":"GJASwuXQEmp4p9l+0tfo3o.6","action":"ProcessGetUpdates", "result":"Done", "context":{"dataType":"Extension settings", "deleted":"0", "process_failed_to_decrypt":"0", "process_pending_decryption":"0", "process_success":"4", "total":"4"}}
{"logTime": "0422/154906", "correlationVector":"GJASwuXQEmp4p9l+0tfo3o.7","action":"ProcessGetUpdates", "result":"Done", "context":{"dataType":"History Delete Directives", "deleted":"0", "process_failed_to_decrypt":"0", "process_pending_decryption":"0", "process_success":"12", "total":"12"}}
{"logTime": "0422/154906", "correlationVector":"GJASwuXQEmp4p9l+0tfo3o.8","action":"ProcessGetUpdates", "result":"Done", "context":{"dataType":"Edge Hub App Usage", "deleted":"3", "process_failed_to_decrypt":"0", "process_pending_decryption":"0", "process_success":"3", "total":"3"}}
{"logTime": "0422/154906", "correlationVector":"GJASwuXQEmp4p9l+0tfo3o.9","action":"GetUpdates Response", "result":"Success", "context":Received 250 update(s). cV=GJASwuXQEmp4p9l+0tfo3o.0;server=akswtt006000004;cloudType=Consumer;environment=Prod_eastasia_prod-s01-034-apac-eastasia;migrationStage=NotStarted Some updates remain.}
{"logTime": "0422/154906", "correlationVector":"XdGVrMw8+NUAN3XX9llrZO","action":"Initial GetUpdates", "result":"", "context":Reason: NEWLY_SUPPORTED_DATATYPE. cV=XdGVrMw8+NUAN3XX9llrZO}
{"logTime": "0422/154907", "correlationVector":"XdGVrMw8+NUAN3XX9llrZO.1","action":"SyncServerConnectionManagerRequest", "result":"SYNC_SERVER_OK", "context":{"environment":"Prod_eastasia_prod-s01-034-apac-eastasia", "migrationStage":"NotStarted", "server":"akswtt00600005m"}}
{"logTime": "0422/154907", "correlationVector":"XdGVrMw8+NUAN3XX9llrZO.2","action":"ProcessGetUpdates", "result":"Done", "context":{"dataType":"Autofill Profiles", "deleted":"1", "process_failed_to_decrypt":"0", "process_pending_decryption":"0", "process_success":"4", "total":"4"}}
{"logTime": "0422/154907", "correlationVector":"XdGVrMw8+NUAN3XX9llrZO.3","action":"ProcessGetUpdates", "result":"Done", "context":{"dataType":"Autofill", "deleted":"0", "process_failed_to_decrypt":"0", "process_pending_decryption":"0", "process_success":"25", "total":"25"}}
{"logTime": "0422/154907", "correlationVector":"XdGVrMw8+NUAN3XX9llrZO.4","action":"ProcessGetUpdates", "result":"Done", "context":{"dataType":"Sessions", "deleted":"143", "process_failed_to_decrypt":"0", "process_pending_decryption":"0", "process_success":"143", "total":"143"}}
{"logTime": "0422/154907", "correlationVector":"XdGVrMw8+NUAN3XX9llrZO.5","action":"ProcessGetUpdates", "result":"Done", "context":{"dataType":"History Delete Directives", "deleted":"0", "process_failed_to_decrypt":"0", "process_pending_decryption":"0", "process_success":"71", "total":"71"}}
{"logTime": "0422/154907", "correlationVector":"XdGVrMw8+NUAN3XX9llrZO.6","action":"ProcessGetUpdates", "result":"Done", "context":{"dataType":"Edge Hub App Usage", "deleted":"7", "process_failed_to_decrypt":"0", "process_pending_decryption":"0", "process_success":"7", "total":"7"}}
{"logTime": "0422/154907", "correlationVector":"XdGVrMw8+NUAN3XX9llrZO.7","action":"GetUpdates Response", "result":"Success", "context":Received 250 update(s). cV=XdGVrMw8+NUAN3XX9llrZO.0;server=akswtt00600005m;cloudType=Consumer;environment=Prod_eastasia_prod-s01-034-apac-eastasia;migrationStage=NotStarted Some updates remain.}
{"logTime": "0422/154907", "correlationVector":"KLfv3B2rYHyr+17fKcvJub","action":"Initial GetUpdates", "result":"", "context":Reason: NEWLY_SUPPORTED_DATATYPE. cV=KLfv3B2rYHyr+17fKcvJub}
{"logTime": "0422/154907", "correlationVector":"KLfv3B2rYHyr+17fKcvJub.1","action":"SyncServerConnectionManagerRequest", "result":"SYNC_SERVER_OK", "context":{"environment":"Prod_eastasia_prod-s01-034-apac-eastasia", "migrationStage":"NotStarted", "server":"akswtt00600004r"}}
{"logTime": "0422/154907", "correlationVector":"KLfv3B2rYHyr+17fKcvJub.2","action":"ProcessGetUpdates", "result":"Done", "context":{"dataType":"Autofill Profiles", "deleted":"0", "process_failed_to_decrypt":"0", "process_pending_decryption":"0", "process_success":"13", "total":"13"}}
{"logTime": "0422/154907", "correlationVector":"KLfv3B2rYHyr+17fKcvJub.3","action":"ProcessGetUpdates", "result":"Done", "context":{"dataType":"Autofill", "deleted":"0", "process_failed_to_decrypt":"0", "process_pending_decryption":"0", "process_success":"25", "total":"25"}}
{"logTime": "0422/154907", "correlationVector":"KLfv3B2rYHyr+17fKcvJub.4","action":"ProcessGetUpdates", "result":"Done", "context":{"dataType":"Extensions", "deleted":"0", "process_failed_to_decrypt":"0", "process_pending_decryption":"0", "process_success":"2", "total":"2"}}
{"logTime": "0422/154907", "correlationVector":"KLfv3B2rYHyr+17fKcvJub.5","action":"ProcessGetUpdates", "result":"Done", "context":{"dataType":"Sessions", "deleted":"167", "process_failed_to_decrypt":"0", "process_pending_decryption":"0", "process_success":"169", "total":"169"}}
{"logTime": "0422/154907", "correlationVector":"KLfv3B2rYHyr+17fKcvJub.6","action":"ProcessGetUpdates", "result":"Done", "context":{"dataType":"Extension settings", "deleted":"0", "process_failed_to_decrypt":"0", "process_pending_decryption":"0", "process_success":"3", "total":"3"}}
{"logTime": "0422/154907", "correlationVector":"KLfv3B2rYHyr+17fKcvJub.7","action":"ProcessGetUpdates", "result":"Done", "context":{"dataType":"History Delete Directives", "deleted":"0", "process_failed_to_decrypt":"0", "process_pending_decryption":"0", "process_success":"18", "total":"18"}}
{"logTime": "0422/154907", "correlationVector":"KLfv3B2rYHyr+17fKcvJub.8","action":"ProcessGetUpdates", "result":"Done", "context":{"dataType":"Saved Tab Group", "deleted":"0", "process_failed_to_decrypt":"0", "process_pending_decryption":"0", "process_success":"14", "total":"14"}}
{"logTime": "0422/154907", "correlationVector":"KLfv3B2rYHyr+17fKcvJub.9","action":"ProcessGetUpdates", "result":"Done", "context":{"dataType":"Edge Hub App Usage", "deleted":"6", "process_failed_to_decrypt":"0", "process_pending_decryption":"0", "process_success":"6", "total":"6"}}
{"logTime": "0422/154907", "correlationVector":"KLfv3B2rYHyr+17fKcvJub.10","action":"GetUpdates Response", "result":"Success", "context":Received 250 update(s). cV=KLfv3B2rYHyr+17fKcvJub.0;server=akswtt00600004r;cloudType=Consumer;environment=Prod_eastasia_prod-s01-034-apac-eastasia;migrationStage=NotStarted Some updates remain.}
{"logTime": "0422/154907", "correlationVector":"ggvvkhUVxyef8XcBBy1Ydi","action":"Initial GetUpdates", "result":"", "context":Reason: NEWLY_SUPPORTED_DATATYPE. cV=ggvvkhUVxyef8XcBBy1Ydi}
{"logTime": "0422/154908", "correlationVector":"ggvvkhUVxyef8XcBBy1Ydi.1","action":"SyncServerConnectionManagerRequest", "result":"SYNC_SERVER_OK", "context":{"environment":"Prod_eastasia_prod-s01-034-apac-eastasia", "migrationStage":"NotStarted", "server":"akswtt006000005"}}
{"logTime": "0422/154908", "correlationVector":"ggvvkhUVxyef8XcBBy1Ydi.2","action":"ProcessGetUpdates", "result":"Done", "context":{"dataType":"Autofill Profiles", "deleted":"0", "process_failed_to_decrypt":"0", "process_pending_decryption":"0", "process_success":"15", "total":"15"}}
{"logTime": "0422/154908", "correlationVector":"ggvvkhUVxyef8XcBBy1Ydi.3","action":"ProcessGetUpdates", "result":"Done", "context":{"dataType":"Autofill", "deleted":"0", "process_failed_to_decrypt":"0", "process_pending_decryption":"0", "process_success":"114", "total":"114"}}
{"logTime": "0422/154908", "correlationVector":"ggvvkhUVxyef8XcBBy1Ydi.4","action":"ProcessGetUpdates", "result":"Done", "context":{"dataType":"Sessions", "deleted":"113", "process_failed_to_decrypt":"0", "process_pending_decryption":"0", "process_success":"121", "total":"121"}}
{"logTime": "0422/154908", "correlationVector":"ggvvkhUVxyef8XcBBy1Ydi.5","action":"GetUpdates Response", "result":"Success", "context":Received 250 update(s). cV=ggvvkhUVxyef8XcBBy1Ydi.0;server=akswtt006000005;cloudType=Consumer;environment=Prod_eastasia_prod-s01-034-apac-eastasia;migrationStage=NotStarted Some updates remain.}
{"logTime": "0422/154908", "correlationVector":"drhio/rGHsIu37v+H8zlcJ","action":"Initial GetUpdates", "result":"", "context":Reason: NEWLY_SUPPORTED_DATATYPE. cV=drhio/rGHsIu37v+H8zlcJ}
{"logTime": "0422/154908", "correlationVector":"drhio/rGHsIu37v+H8zlcJ.1","action":"SyncServerConnectionManagerRequest", "result":"SYNC_SERVER_OK", "context":{"environment":"Prod_eastasia_prod-s01-034-apac-eastasia", "migrationStage":"NotStarted", "server":"akswtt00600000s"}}
{"logTime": "0422/154908", "correlationVector":"drhio/rGHsIu37v+H8zlcJ.2","action":"ProcessGetUpdates", "result":"Done", "context":{"dataType":"Autofill Profiles", "deleted":"0", "process_failed_to_decrypt":"0", "process_pending_decryption":"0", "process_success":"1", "total":"1"}}
{"logTime": "0422/154908", "correlationVector":"drhio/rGHsIu37v+H8zlcJ.3","action":"ProcessGetUpdates", "result":"Done", "context":{"dataType":"Autofill", "deleted":"0", "process_failed_to_decrypt":"0", "process_pending_decryption":"0", "process_success":"3", "total":"3"}}
{"logTime": "0422/154908", "correlationVector":"drhio/rGHsIu37v+H8zlcJ.4","action":"ProcessGetUpdates", "result":"Done", "context":{"dataType":"Sessions", "deleted":"7", "process_failed_to_decrypt":"0", "process_pending_decryption":"0", "process_success":"24", "total":"24"}}
{"logTime": "0422/154908", "correlationVector":"drhio/rGHsIu37v+H8zlcJ.5","action":"ProcessGetUpdates", "result":"Done", "context":{"dataType":"Extension settings", "deleted":"0", "process_failed_to_decrypt":"0", "process_pending_decryption":"0", "process_success":"1", "total":"1"}}
{"logTime": "0422/154908", "correlationVector":"drhio/rGHsIu37v+H8zlcJ.6","action":"GetUpdates Response", "result":"Success", "context":Received 29 update(s). cV=drhio/rGHsIu37v+H8zlcJ.0;server=akswtt00600000s;cloudType=Consumer;environment=Prod_eastasia_prod-s01-034-apac-eastasia;migrationStage=NotStarted}
{"logTime": "0422/154908", "correlationVector":"TOmeZ5keCVKTv4YvnMHB80","action":"Initial GetUpdates", "result":"", "context":Reason: NEWLY_SUPPORTED_DATATYPE. cV=TOmeZ5keCVKTv4YvnMHB80}
{"logTime": "0422/154909", "correlationVector":"TOmeZ5keCVKTv4YvnMHB80.1","action":"SyncServerConnectionManagerRequest", "result":"SYNC_SERVER_OK", "context":{"environment":"Prod_eastasia_prod-s01-034-apac-eastasia", "migrationStage":"NotStarted", "server":"akswtt006000065"}}
{"logTime": "0422/154909", "correlationVector":"TOmeZ5keCVKTv4YvnMHB80.2","action":"ProcessGetUpdates", "result":"Done", "context":{"dataType":"History", "deleted":"84", "process_failed_to_decrypt":"0", "process_pending_decryption":"0", "process_success":"250", "total":"250"}}
{"logTime": "0422/154909", "correlationVector":"TOmeZ5keCVKTv4YvnMHB80.3","action":"GetUpdates Response", "result":"Success", "context":Received 250 update(s). cV=TOmeZ5keCVKTv4YvnMHB80.0;server=akswtt006000065;cloudType=Consumer;environment=Prod_eastasia_prod-s01-034-apac-eastasia;migrationStage=NotStarted Some updates remain.}
{"logTime": "0422/154909", "correlationVector":"4wVLnMoy9SDHailwuS/rxy","action":"Initial GetUpdates", "result":"", "context":Reason: NEWLY_SUPPORTED_DATATYPE. cV=4wVLnMoy9SDHailwuS/rxy}
{"logTime": "0422/154909", "correlationVector":"4wVLnMoy9SDHailwuS/rxy.1","action":"SyncServerConnectionManagerRequest", "result":"SYNC_SERVER_OK", "context":{"environment":"Prod_eastasia_prod-s01-034-apac-eastasia", "migrationStage":"NotStarted", "server":"akswtt00600004r"}}
{"logTime": "0422/154909", "correlationVector":"4wVLnMoy9SDHailwuS/rxy.2","action":"ProcessGetUpdates", "result":"Done", "context":{"dataType":"History", "deleted":"0", "process_failed_to_decrypt":"0", "process_pending_decryption":"0", "process_success":"250", "total":"250"}}
{"logTime": "0422/154909", "correlationVector":"4wVLnMoy9SDHailwuS/rxy.3","action":"GetUpdates Response", "result":"Success", "context":Received 250 update(s). cV=4wVLnMoy9SDHailwuS/rxy.0;server=akswtt00600004r;cloudType=Consumer;environment=Prod_eastasia_prod-s01-034-apac-eastasia;migrationStage=NotStarted Some updates remain.}
{"logTime": "0422/154909", "correlationVector":"5c7WShX1t/oMFHVxrRC9CH","action":"Initial GetUpdates", "result":"", "context":Reason: NEWLY_SUPPORTED_DATATYPE. cV=5c7WShX1t/oMFHVxrRC9CH}
{"logTime": "0422/154910", "correlationVector":"5c7WShX1t/oMFHVxrRC9CH.1","action":"SyncServerConnectionManagerRequest", "result":"SYNC_SERVER_OK", "context":{"environment":"Prod_eastasia_prod-s01-034-apac-eastasia", "migrationStage":"NotStarted", "server":"akswtt00600000q"}}
{"logTime": "0422/154910", "correlationVector":"5c7WShX1t/oMFHVxrRC9CH.2","action":"ProcessGetUpdates", "result":"Done", "context":{"dataType":"History", "deleted":"0", "process_failed_to_decrypt":"0", "process_pending_decryption":"0", "process_success":"250", "total":"250"}}
{"logTime": "0422/154910", "correlationVector":"5c7WShX1t/oMFHVxrRC9CH.3","action":"GetUpdates Response", "result":"Success", "context":Received 250 update(s). cV=5c7WShX1t/oMFHVxrRC9CH.0;server=akswtt00600000q;cloudType=Consumer;environment=Prod_eastasia_prod-s01-034-apac-eastasia;migrationStage=NotStarted Some updates remain.}
{"logTime": "0422/154910", "correlationVector":"XjfS4siC11EfsryPa6DP4d","action":"Initial GetUpdates", "result":"", "context":Reason: NEWLY_SUPPORTED_DATATYPE. cV=XjfS4siC11EfsryPa6DP4d}
{"logTime": "0422/154910", "correlationVector":"XjfS4siC11EfsryPa6DP4d.1","action":"SyncServerConnectionManagerRequest", "result":"SYNC_SERVER_OK", "context":{"environment":"Prod_eastasia_prod-s01-034-apac-eastasia", "migrationStage":"NotStarted", "server":"akswtt00600006y"}}
{"logTime": "0422/154910", "correlationVector":"XjfS4siC11EfsryPa6DP4d.2","action":"ProcessGetUpdates", "result":"Done", "context":{"dataType":"History", "deleted":"0", "process_failed_to_decrypt":"0", "process_pending_decryption":"0", "process_success":"250", "total":"250"}}
{"logTime": "0422/154910", "correlationVector":"XjfS4siC11EfsryPa6DP4d.3","action":"GetUpdates Response", "result":"Success", "context":Received 250 update(s). cV=XjfS4siC11EfsryPa6DP4d.0;server=akswtt00600006y;cloudType=Consumer;environment=Prod_eastasia_prod-s01-034-apac-eastasia;migrationStage=NotStarted Some updates remain.}
{"logTime": "0422/154910", "correlationVector":"ccIm4a0n5iqtXmtEgRv8co","action":"Initial GetUpdates", "result":"", "context":Reason: NEWLY_SUPPORTED_DATATYPE. cV=ccIm4a0n5iqtXmtEgRv8co}
{"logTime": "0422/154911", "correlationVector":"ccIm4a0n5iqtXmtEgRv8co.1","action":"SyncServerConnectionManagerRequest", "result":"SYNC_SERVER_OK", "context":{"environment":"Prod_eastasia_prod-s01-034-apac-eastasia", "migrationStage":"NotStarted", "server":"akswtt00600005n"}}
{"logTime": "0422/154911", "correlationVector":"ccIm4a0n5iqtXmtEgRv8co.2","action":"ProcessGetUpdates", "result":"Done", "context":{"dataType":"History", "deleted":"0", "process_failed_to_decrypt":"0", "process_pending_decryption":"0", "process_success":"250", "total":"250"}}
{"logTime": "0422/154911", "correlationVector":"ccIm4a0n5iqtXmtEgRv8co.3","action":"GetUpdates Response", "result":"Success", "context":Received 250 update(s). cV=ccIm4a0n5iqtXmtEgRv8co.0;server=akswtt00600005n;cloudType=Consumer;environment=Prod_eastasia_prod-s01-034-apac-eastasia;migrationStage=NotStarted Some updates remain.}
{"logTime": "0422/154911", "correlationVector":"oyTwUDOdPAiLGwWzW9KCvF","action":"Initial GetUpdates", "result":"", "context":Reason: NEWLY_SUPPORTED_DATATYPE. cV=oyTwUDOdPAiLGwWzW9KCvF}
{"logTime": "0422/154911", "correlationVector":"oyTwUDOdPAiLGwWzW9KCvF","action":"SyncServerConnectionManagerRequest", "result":"CONNECTION_UNAVAILABLE", "context":{"error_type":"net_error_code", "error_value":"-3"}}
